[19-Nov-2022 20:01:57 UTC] PHP Warning:  Attempt to read property "title" on null in C:\Users\rafae\Local Sites\mjveleiros\app\public\wp-includes\class-wp-customize-widgets.php on line 900
[19-Nov-2022 20:15:36 UTC] PHP Warning:  Attempt to read property "title" on null in C:\Users\rafae\Local Sites\mjveleiros\app\public\wp-includes\class-wp-customize-widgets.php on line 900
[20-Nov-2022 00:35:00 UTC] PHP Warning:  Attempt to read property "title" on null in C:\Users\rafae\Local Sites\mjveleiros\app\public\wp-includes\class-wp-customize-widgets.php on line 900
[20-Nov-2022 00:47:30 UTC] PHP Warning:  Attempt to read property "title" on null in C:\Users\rafae\Local Sites\mjveleiros\app\public\wp-includes\class-wp-customize-widgets.php on line 900
[20-Nov-2022 00:52:43 UTC] PHP Warning:  Attempt to read property "title" on null in C:\Users\rafae\Local Sites\mjveleiros\app\public\wp-includes\class-wp-customize-widgets.php on line 900
[20-Nov-2022 02:11:26 UTC] PHP Warning:  Attempt to read property "title" on null in C:\Users\rafae\Local Sites\mjveleiros\app\public\wp-includes\class-wp-customize-widgets.php on line 900
[20-Nov-2022 17:33:15 UTC] PHP Warning:  Undefined variable $args in C:\Users\rafae\Local Sites\mjveleiros\app\public\wp-content\themes\mj-veleiros\functions.php on line 21
[20-Nov-2022 17:33:16 UTC] PHP Warning:  Undefined variable $args in C:\Users\rafae\Local Sites\mjveleiros\app\public\wp-content\themes\mj-veleiros\functions.php on line 21
[20-Nov-2022 17:33:16 UTC] PHP Warning:  Undefined variable $args in C:\Users\rafae\Local Sites\mjveleiros\app\public\wp-content\themes\mj-veleiros\functions.php on line 21
[20-Nov-2022 17:33:25 UTC] PHP Warning:  Undefined variable $args in C:\Users\rafae\Local Sites\mjveleiros\app\public\wp-content\themes\mj-veleiros\functions.php on line 21
[20-Nov-2022 17:33:26 UTC] PHP Warning:  Undefined variable $args in C:\Users\rafae\Local Sites\mjveleiros\app\public\wp-content\themes\mj-veleiros\functions.php on line 21
[20-Nov-2022 17:33:31 UTC] PHP Warning:  Undefined variable $args in C:\Users\rafae\Local Sites\mjveleiros\app\public\wp-content\themes\mj-veleiros\functions.php on line 21
[20-Nov-2022 17:33:31 UTC] PHP Fatal error:  Uncaught TypeError: in_array(): Argument #2 ($haystack) must be of type array, null given in C:\Users\rafae\Local Sites\mjveleiros\app\public\wp-includes\theme.php:3086
Stack trace:
#0 C:\Users\rafae\Local Sites\mjveleiros\app\public\wp-includes\theme.php(3086): in_array('post', NULL, true)
#1 C:\Users\rafae\Local Sites\mjveleiros\app\public\wp-includes\media.php(4546): current_theme_supports('post-thumbnails', 'post')
#2 C:\Users\rafae\Local Sites\mjveleiros\app\public\wp-admin\edit-form-blocks.php(251): wp_enqueue_media(Array)
#3 C:\Users\rafae\Local Sites\mjveleiros\app\public\wp-admin\post.php(187): require('C:\\Users\\rafae\\...')
#4 {main}
  thrown in C:\Users\rafae\Local Sites\mjveleiros\app\public\wp-includes\theme.php on line 3086
[20-Nov-2022 17:33:36 UTC] PHP Warning:  Undefined variable $args in C:\Users\rafae\Local Sites\mjveleiros\app\public\wp-content\themes\mj-veleiros\functions.php on line 21
[20-Nov-2022 17:33:38 UTC] PHP Warning:  Undefined variable $args in C:\Users\rafae\Local Sites\mjveleiros\app\public\wp-content\themes\mj-veleiros\functions.php on line 21
[20-Nov-2022 17:33:39 UTC] PHP Warning:  Undefined variable $args in C:\Users\rafae\Local Sites\mjveleiros\app\public\wp-content\themes\mj-veleiros\functions.php on line 21
[20-Nov-2022 17:33:45 UTC] PHP Warning:  Undefined variable $args in C:\Users\rafae\Local Sites\mjveleiros\app\public\wp-content\themes\mj-veleiros\functions.php on line 21
[20-Nov-2022 17:33:45 UTC] PHP Fatal error:  Uncaught TypeError: in_array(): Argument #2 ($haystack) must be of type array, null given in C:\Users\rafae\Local Sites\mjveleiros\app\public\wp-includes\theme.php:3086
Stack trace:
#0 C:\Users\rafae\Local Sites\mjveleiros\app\public\wp-includes\theme.php(3086): in_array('post', NULL, true)
#1 C:\Users\rafae\Local Sites\mjveleiros\app\public\wp-includes\media.php(4546): current_theme_supports('post-thumbnails', 'post')
#2 C:\Users\rafae\Local Sites\mjveleiros\app\public\wp-admin\edit-form-blocks.php(251): wp_enqueue_media(Array)
#3 C:\Users\rafae\Local Sites\mjveleiros\app\public\wp-admin\post.php(187): require('C:\\Users\\rafae\\...')
#4 {main}
  thrown in C:\Users\rafae\Local Sites\mjveleiros\app\public\wp-includes\theme.php on line 3086
[20-Nov-2022 17:53:17 UTC] PHP Warning:  Attempt to read property "title" on null in C:\Users\rafae\Local Sites\mjveleiros\app\public\wp-includes\class-wp-customize-widgets.php on line 900
[20-Nov-2022 17:55:12 UTC] PHP Warning:  Attempt to read property "title" on null in C:\Users\rafae\Local Sites\mjveleiros\app\public\wp-includes\class-wp-customize-widgets.php on line 900
[20-Nov-2022 17:55:50 UTC] PHP Warning:  Attempt to read property "title" on null in C:\Users\rafae\Local Sites\mjveleiros\app\public\wp-includes\class-wp-customize-widgets.php on line 900
[20-Nov-2022 17:56:47 UTC] PHP Warning:  Attempt to read property "title" on null in C:\Users\rafae\Local Sites\mjveleiros\app\public\wp-includes\class-wp-customize-widgets.php on line 900
[20-Nov-2022 18:00:17 UTC] PHP Warning:  Attempt to read property "title" on null in C:\Users\rafae\Local Sites\mjveleiros\app\public\wp-includes\class-wp-customize-widgets.php on line 900
[20-Nov-2022 18:00:24 UTC] PHP Warning:  Attempt to read property "title" on null in C:\Users\rafae\Local Sites\mjveleiros\app\public\wp-includes\class-wp-customize-widgets.php on line 900
[20-Nov-2022 18:02:52 UTC] PHP Warning:  Attempt to read property "title" on null in C:\Users\rafae\Local Sites\mjveleiros\app\public\wp-includes\class-wp-customize-widgets.php on line 900
[20-Nov-2022 19:59:28 UTC] PHP Warning:  Attempt to read property "title" on null in C:\Users\rafae\Local Sites\mjveleiros\app\public\wp-includes\class-wp-customize-widgets.php on line 900
[20-Nov-2022 20:02:23 UTC] PHP Warning:  Attempt to read property "title" on null in C:\Users\rafae\Local Sites\mjveleiros\app\public\wp-includes\class-wp-customize-widgets.php on line 900
[22-Nov-2022 13:26:10 UTC] PHP Fatal error:  Array and string offset access syntax with curly braces is no longer supported in C:\Users\rafae\Local Sites\mjveleiros\app\public\wp-content\plugins\versionpress\vendor\michelf\php-markdown\Michelf\Markdown.php on line 948
[22-Nov-2022 13:33:09 UTC] PHP Fatal error:  Array and string offset access syntax with curly braces is no longer supported in C:\Users\rafae\Local Sites\mjveleiros\app\public\wp-content\plugins\versionpress\vendor\michelf\php-markdown\Michelf\Markdown.php on line 948
[22-Nov-2022 13:41:05 UTC] PHP Deprecated:  Required parameter $in_footer follows optional parameter $css_code in C:\Users\rafae\Local Sites\mjveleiros\app\public\wp-content\plugins\editorplus\includes\class-editorplus-styles-manager.php on line 167
[22-Nov-2022 13:41:51 UTC] PHP Deprecated:  Required parameter $in_footer follows optional parameter $css_code in C:\Users\rafae\Local Sites\mjveleiros\app\public\wp-content\plugins\editorplus\includes\class-editorplus-styles-manager.php on line 167
[22-Nov-2022 13:41:52 UTC] PHP Deprecated:  Required parameter $in_footer follows optional parameter $css_code in C:\Users\rafae\Local Sites\mjveleiros\app\public\wp-content\plugins\editorplus\includes\class-editorplus-styles-manager.php on line 167
[22-Nov-2022 13:42:30 UTC] PHP Deprecated:  Required parameter $in_footer follows optional parameter $css_code in C:\Users\rafae\Local Sites\mjveleiros\app\public\wp-content\plugins\editorplus\includes\class-editorplus-styles-manager.php on line 167
[22-Nov-2022 13:42:34 UTC] PHP Deprecated:  Required parameter $in_footer follows optional parameter $css_code in C:\Users\rafae\Local Sites\mjveleiros\app\public\wp-content\plugins\editorplus\includes\class-editorplus-styles-manager.php on line 167
[22-Nov-2022 13:42:38 UTC] PHP Deprecated:  Required parameter $in_footer follows optional parameter $css_code in C:\Users\rafae\Local Sites\mjveleiros\app\public\wp-content\plugins\editorplus\includes\class-editorplus-styles-manager.php on line 167
[22-Nov-2022 13:42:50 UTC] PHP Fatal error:  Array and string offset access syntax with curly braces is no longer supported in C:\Users\rafae\Local Sites\mjveleiros\app\public\wp-content\plugins\versionpress\vendor\michelf\php-markdown\Michelf\Markdown.php on line 948
[22-Nov-2022 13:51:33 UTC] PHP Fatal error:  Array and string offset access syntax with curly braces is no longer supported in C:\Users\rafae\Local Sites\mjveleiros\app\public\wp-content\plugins\versionpress\vendor\michelf\php-markdown\Michelf\Markdown.php on line 948
[22-Nov-2022 14:07:04 UTC] PHP Fatal error:  Array and string offset access syntax with curly braces is no longer supported in C:\Users\rafae\Local Sites\mjveleiros\app\public\wp-content\plugins\versionpress\vendor\michelf\php-markdown\Michelf\Markdown.php on line 948
[22-Nov-2022 14:24:19 UTC] PHP Fatal error:  Array and string offset access syntax with curly braces is no longer supported in C:\Users\rafae\Local Sites\mjveleiros\app\public\wp-content\plugins\versionpress\vendor\michelf\php-markdown\Michelf\Markdown.php on line 948
[22-Nov-2022 17:27:48 UTC] PHP Deprecated:  File Theme without sidebar.php is <strong>deprecated</strong> since version 3.0.0 with no alternative available. Please include a sidebar.php template in your theme. in C:\Users\rafae\Local Sites\mjveleiros\app\public\wp-includes\functions.php on line 5583
[22-Nov-2022 17:35:46 UTC] PHP Deprecated:  File Theme without sidebar.php is <strong>deprecated</strong> since version 3.0.0 with no alternative available. Please include a sidebar.php template in your theme. in C:\Users\rafae\Local Sites\mjveleiros\app\public\wp-includes\functions.php on line 5583
[22-Nov-2022 17:35:54 UTC] PHP Deprecated:  File Theme without sidebar.php is <strong>deprecated</strong> since version 3.0.0 with no alternative available. Please include a sidebar.php template in your theme. in C:\Users\rafae\Local Sites\mjveleiros\app\public\wp-includes\functions.php on line 5583
[22-Nov-2022 17:36:47 UTC] PHP Deprecated:  File Theme without sidebar.php is <strong>deprecated</strong> since version 3.0.0 with no alternative available. Please include a sidebar.php template in your theme. in C:\Users\rafae\Local Sites\mjveleiros\app\public\wp-includes\functions.php on line 5583
[22-Nov-2022 17:38:29 UTC] PHP Deprecated:  File Theme without sidebar.php is <strong>deprecated</strong> since version 3.0.0 with no alternative available. Please include a sidebar.php template in your theme. in C:\Users\rafae\Local Sites\mjveleiros\app\public\wp-includes\functions.php on line 5583
[22-Nov-2022 18:05:15 UTC] PHP Deprecated:  Required parameter $in_footer follows optional parameter $css_code in C:\Users\rafae\Local Sites\mjveleiros\app\public\wp-content\plugins\editorplus\includes\class-editorplus-styles-manager.php on line 167
[22-Nov-2022 18:05:24 UTC] PHP Deprecated:  Required parameter $in_footer follows optional parameter $css_code in C:\Users\rafae\Local Sites\mjveleiros\app\public\wp-content\plugins\editorplus\includes\class-editorplus-styles-manager.php on line 167
[22-Nov-2022 18:05:25 UTC] PHP Notice:  Function wp_enqueue_script() was called <strong>incorrectly</strong>. "wp-editor" script should not be enqueued together with the new widgets editor (wp-edit-widgets or wp-customize-widgets). Please see <a href="https://wordpress.org/support/article/debugging-in-wordpress/">Debugging in WordPress</a> for more information. (This message was added in version 5.8.0.) in C:\Users\rafae\Local Sites\mjveleiros\app\public\wp-includes\functions.php on line 5835
[22-Nov-2022 18:05:26 UTC] PHP Deprecated:  Required parameter $in_footer follows optional parameter $css_code in C:\Users\rafae\Local Sites\mjveleiros\app\public\wp-content\plugins\editorplus\includes\class-editorplus-styles-manager.php on line 167
[22-Nov-2022 18:06:26 UTC] PHP Deprecated:  Required parameter $in_footer follows optional parameter $css_code in C:\Users\rafae\Local Sites\mjveleiros\app\public\wp-content\plugins\editorplus\includes\class-editorplus-styles-manager.php on line 167
[22-Nov-2022 18:08:27 UTC] PHP Deprecated:  Required parameter $in_footer follows optional parameter $css_code in C:\Users\rafae\Local Sites\mjveleiros\app\public\wp-content\plugins\editorplus\includes\class-editorplus-styles-manager.php on line 167
[22-Nov-2022 18:10:28 UTC] PHP Deprecated:  Required parameter $in_footer follows optional parameter $css_code in C:\Users\rafae\Local Sites\mjveleiros\app\public\wp-content\plugins\editorplus\includes\class-editorplus-styles-manager.php on line 167
[22-Nov-2022 18:21:59 UTC] PHP Deprecated:  Required parameter $in_footer follows optional parameter $css_code in C:\Users\rafae\Local Sites\mjveleiros\app\public\wp-content\plugins\editorplus\includes\class-editorplus-styles-manager.php on line 167
[22-Nov-2022 18:22:06 UTC] PHP Deprecated:  Required parameter $in_footer follows optional parameter $css_code in C:\Users\rafae\Local Sites\mjveleiros\app\public\wp-content\plugins\editorplus\includes\class-editorplus-styles-manager.php on line 167
[22-Nov-2022 18:22:07 UTC] PHP Deprecated:  Required parameter $in_footer follows optional parameter $css_code in C:\Users\rafae\Local Sites\mjveleiros\app\public\wp-content\plugins\editorplus\includes\class-editorplus-styles-manager.php on line 167
[22-Nov-2022 18:22:59 UTC] PHP Deprecated:  Required parameter $in_footer follows optional parameter $css_code in C:\Users\rafae\Local Sites\mjveleiros\app\public\wp-content\plugins\editorplus\includes\class-editorplus-styles-manager.php on line 167
[22-Nov-2022 18:24:59 UTC] PHP Notice:  Function wp_enqueue_script() was called <strong>incorrectly</strong>. "wp-editor" script should not be enqueued together with the new widgets editor (wp-edit-widgets or wp-customize-widgets). Please see <a href="https://wordpress.org/support/article/debugging-in-wordpress/">Debugging in WordPress</a> for more information. (This message was added in version 5.8.0.) in C:\Users\rafae\Local Sites\mjveleiros\app\public\wp-includes\functions.php on line 5835
[22-Nov-2022 18:39:30 UTC] PHP Parse error:  syntax error, unexpected identifier "Deck", expecting ")" in C:\Users\rafae\Local Sites\mjveleiros\app\public\wp-content\themes\mj-veleiros\functions.php on line 43
[22-Nov-2022 18:52:01 UTC] PHP Parse error:  syntax error, unexpected end of file, expecting "elseif" or "else" or "endif" in C:\Users\rafae\Local Sites\mjveleiros\app\public\wp-content\themes\mj-veleiros\page-home.php on line 29
